WARNING: A restricted method in java.lang.System has been called
WARNING: java.lang.System::loadLibrary has been called by com.microsoft.z3.Native in an unnamed module (file:/Users/jimmy/study/ASTRE26/lib/com.microsoft.z3.jar)
WARNING: Use --enable-native-access=ALL-UNNAMED to avoid a warning for callers in this module
WARNING: Restricted methods will be blocked in a future release unless native access is enabled

R
Invalid input: Current state has no transition for this input!
Invalid input: Current state has no transition for this input!
P
Invalid input: error_41
Wrote logs/Problem14_concolic.csv (1 unique errors)
Invalid input: error_41
Invalid input: error_41
Invalid input: error_41
Invalid input: error_41
Invalid input: error_41
Invalid input: error_41
Invalid input: Current state has no transition for this input!
Invalid input: Current state has no transition for this input!
Invalid input: Current state has no transition for this input!
Invalid input: Current state has no transition for this input!
Invalid input: Current state has no transition for this input!
Invalid input: Current state has no transition for this input!
Invalid input: Current state has no transition for this input!
Invalid input: Current state has no transition for this input!
R
Invalid input: Current state has no transition for this input!
R
P
U
Invalid input: error_77
Wrote logs/Problem14_concolic.csv (2 unique errors)
Invalid input: error_77
Invalid input: error_77
Invalid input: error_77
Invalid input: error_77
Invalid input: error_77
Invalid input: error_77
Invalid input: error_77
R
P
Invalid input: error_41
Invalid input: error_41
Invalid input: error_41
Invalid input: error_41
Invalid input: error_41
Invalid input: error_41
Invalid input: error_41
Invalid input: error_41
Invalid input: error_41
R
Invalid input: Current state has no transition for this input!
Invalid input: Current state has no transition for this input!
Invalid input: Current state has no transition for this input!
P
Invalid input: Current state has no transition for this input!
Invalid input: Current state has no transition for this input!
Invalid input: Current state has no transition for this input!
Invalid input: Current state has no transition for this input!
Q
R
Invalid input: Current state has no transition for this input!
Invalid input: Current state has no transition for this input!
Invalid input: Current state has no transition for this input!
Invalid input: Current state has no transition for this input!
Invalid input: Current state has no transition for this input!
Invalid input: Current state has no transition for this input!
Invalid input: Current state has no transition for this input!
P
Invalid input: Current state has no transition for this input!
R
Invalid input: Current state has no transition for this input!
Invalid input: Current state has no transition for this input!
Invalid input: Current state has no transition for this input!
Invalid input: Current state has no transition for this input!
Invalid input: Current state has no transition for this input!
Invalid input: Current state has no transition for this input!
Invalid input: Current state has no transition for this input!
P
Invalid input: error_41
Invalid input: error_41
R
P
Q
Invalid input: Current state has no transition for this input!
Invalid input: Current state has no transition for this input!
Q
Invalid input: error_18
Wrote logs/Problem14_concolic.csv (3 unique errors)
Invalid input: error_18
Invalid input: error_18
Invalid input: error_18
Invalid input: error_18
R
P
Invalid input: Current state has no transition for this input!
Invalid input: Current state has no transition for this input!
Invalid input: Current state has no transition for this input!
Invalid input: Current state has no transition for this input!
Invalid input: Current state has no transition for this input!
Invalid input: Current state has no transition for this input!
Invalid input: Current state has no transition for this input!
Invalid input: Current state has no transition for this input!
R
Invalid input: Current state has no transition for this input!
Invalid input: Current state has no transition for this input!
Invalid input: Current state has no transition for this input!
P
U
Invalid input: error_77
Invalid input: error_77
Invalid input: error_77
Invalid input: error_77
Invalid input: error_77
R
Invalid input: Current state has no transition for this input!
Invalid input: Current state has no transition for this input!
Invalid input: Current state has no transition for this input!
P
Invalid input: Current state has no transition for this input!
Invalid input: Current state has no transition for this input!
Invalid input: Current state has no transition for this input!
Invalid input: Current state has no transition for this input!
U
Invalid input: error_77
R
P
Q
P
Invalid input: Current state has no transition for this input!
Invalid input: Current state has no transition for this input!
Invalid input: Current state has no transition for this input!
Q
Invalid input: error_28
Wrote logs/Problem14_concolic.csv (4 unique errors)
Invalid input: error_28
Invalid input: error_28
R
P
Q
Q
Invalid input: error_18
Invalid input: error_18
Invalid input: error_18
Invalid input: error_18
Invalid input: error_18
Invalid input: error_18
Invalid input: error_18
R
P
Q
Invalid input: Current state has no transition for this input!
Invalid input: Current state has no transition for this input!
Invalid input: Current state has no transition for this input!
Invalid input: Current state has no transition for this input!
P
Invalid input: Current state has no transition for this input!
Z
R
P
Q
Invalid input: Current state has no transition for this input!
Invalid input: Current state has no transition for this input!
Invalid input: Current state has no transition for this input!
Invalid input: Current state has no transition for this input!
Invalid input: Current state has no transition for this input!
Q
Invalid input: error_18
Invalid input: error_18
R
P
Q
P
Z
V
Invalid input: Current state has no transition for this input!
V
Invalid input: Current state has no transition for this input!
T
R
P
Q
P
T
T
Q
Invalid input: Current state has no transition for this input!
Invalid input: Current state has no transition for this input!
Invalid input: Current state has no transition for this input!
R
P
Q
P
Q
Invalid input: error_28
Invalid input: error_28
Invalid input: error_28
Invalid input: error_28
Invalid input: error_28
Invalid input: error_28
R
P
Q
P
Invalid input: Current state has no transition for this input!
Invalid input: Current state has no transition for this input!
Invalid input: Current state has no transition for this input!
Invalid input: Current state has no transition for this input!
Invalid input: Current state has no transition for this input!
Invalid input: Current state has no transition for this input!
R
P
Q
Invalid input: Current state has no transition for this input!
Invalid input: Current state has no transition for this input!
Invalid input: Current state has no transition for this input!
Invalid input: Current state has no transition for this input!
P
Invalid input: Current state has no transition for this input!
Invalid input: Current state has no transition for this input!
R
P
Q
P
Z
Q
R
Invalid input: Current state has no transition for this input!
Invalid input: Current state has no transition for this input!
Invalid input: Current state has no transition for this input!
R
P
Q
P
Z
P
Invalid input: Current state has no transition for this input!
Invalid input: Current state has no transition for this input!
Invalid input: Current state has no transition for this input!
Invalid input: Current state has no transition for this input!
R
P
Q
P
Z
T
Invalid input: Current state has no transition for this input!
Invalid input: Current state has no transition for this input!
Invalid input: Current state has no transition for this input!
Z
Invalid input: error_15
Wrote logs/Problem14_concolic.csv (5 unique errors)
R
P
Q
P
Z
Invalid input: Current state has no transition for this input!
P
Invalid input: Current state has no transition for this input!
Invalid input: Current state has no transition for this input!
Invalid input: Current state has no transition for this input!
R
P
Q
P
Z
V
Z
Invalid input: Current state has no transition for this input!
Invalid input: Current state has no transition for this input!
Invalid input: Current state has no transition for this input!
R
P
Q
P
Z
V
Y
Invalid input: Current state has no transition for this input!
W
Invalid input: error_97
Wrote logs/Problem14_concolic.csv (6 unique errors)
Invalid input: error_97
[concolic] iter=25 branches=340 sat=60 unsat=280 queued=35 errors=6
R
P
Q
P
Z
V
V
V
Invalid input: Current state has no transition for this input!
Invalid input: Current state has no transition for this input!
R
P
Q
P
Z
V
U
Invalid input: error_36
Wrote logs/Problem14_concolic.csv (7 unique errors)
Invalid input: error_36
Invalid input: error_36
Invalid input: error_36
R
P
Q
P
Z
V
Invalid input: Current state has no transition for this input!
Invalid input: Current state has no transition for this input!
Invalid input: Current state has no transition for this input!
U
Invalid input: error_36
R
P
Q
P
Z
V
Invalid input: Current state has no transition for this input!
V
V
Invalid input: Current state has no transition for this input!
R
P
Q
P
Z
V
Invalid input: Current state has no transition for this input!
V
Y
Invalid input: Current state has no transition for this input!
R
P
Q
P
Z
V
Invalid input: Current state has no transition for this input!
V
T
Invalid input: Current state has no transition for this input!
R
P
Q
P
Z
V
Invalid input: Current state has no transition for this input!
V
W
U
R
P
Q
P
Z
V
Invalid input: Current state has no transition for this input!
V
Q
Invalid input: error_4
Wrote logs/Problem14_concolic.csv (8 unique errors)
Invalid input: error_4
R
P
Q
P
Z
V
Invalid input: Current state has no transition for this input!
V
Invalid input: Current state has no transition for this input!
Q
Invalid input: error_4
R
P
Q
P
Invalid input: Current state has no transition for this input!
T
Invalid input: Current state has no transition for this input!
Invalid input: Current state has no transition for this input!
V
Invalid input: Current state has no transition for this input!
R
P
Q
P
T
Invalid input: Current state has no transition for this input!
Invalid input: Current state has no transition for this input!
Invalid input: Current state has no transition for this input!
Invalid input: Current state has no transition for this input!
Invalid input: Current state has no transition for this input!
R
P
Q
P
T
T
W
Invalid input: Current state has no transition for this input!
Invalid input: Current state has no transition for this input!
Invalid input: Current state has no transition for this input!
R
P
Q
P
T
T
Invalid input: Current state has no transition for this input!
Invalid input: Current state has no transition for this input!
Invalid input: Current state has no transition for this input!
Invalid input: Current state has no transition for this input!
R
P
Q
P
T
T
Q
Z
Invalid input: Current state has no transition for this input!
Invalid input: Current state has no transition for this input!
R
P
Q
P
Z
P
Invalid input: Current state has no transition for this input!
Invalid input: Current state has no transition for this input!
Invalid input: Current state has no transition for this input!
Invalid input: Current state has no transition for this input!
R
P
Q
P
Z
Q
Q
Invalid input: error_27
Wrote logs/Problem14_concolic.csv (9 unique errors)
Invalid input: error_27
Invalid input: error_27
Invalid input: error_27
R
P
Q
P
Z
Q
R
Q
W
Invalid input: Current state has no transition for this input!
R
P
Q
P
Z
Q
R
Q
Invalid input: Current state has no transition for this input!
W
R
P
Q
P
Z
Q
R
S
Invalid input: Current state has no transition for this input!
Invalid input: Current state has no transition for this input!
R
P
Q
P
Z
T
Z
Invalid input: error_15
Invalid input: error_15
Invalid input: error_15
Invalid input: error_15
R
P
Q
P
Z
P
Q
Invalid input: Current state has no transition for this input!
R
Invalid input: Current state has no transition for this input!
R
P
Q
P
Z
P
T
Invalid input: error_90
Wrote logs/Problem14_concolic.csv (10 unique errors)
Invalid input: error_90
Invalid input: error_90
Invalid input: error_90
R
P
Q
P
Z
Invalid input: Current state has no transition for this input!
T
Invalid input: Current state has no transition for this input!
Invalid input: Current state has no transition for this input!
Invalid input: Current state has no transition for this input!
R
P
Q
P
Z
T
Y
Invalid input: Current state has no transition for this input!
Invalid input: Current state has no transition for this input!
Invalid input: Current state has no transition for this input!
R
P
Q
P
Z
T
