WARNING: A restricted method in java.lang.System has been called
WARNING: java.lang.System::loadLibrary has been called by com.microsoft.z3.Native in an unnamed module (file:/Users/jimmy/study/ASTRE26/lib/com.microsoft.z3.jar)
WARNING: Use --enable-native-access=ALL-UNNAMED to avoid a warning for callers in this module
WARNING: Restricted methods will be blocked in a future release unless native access is enabled

[0,0s] error_10 (total 1)
Wrote logs/Problem13_concolic.csv (1 unique errors)
[0,1s] error_34 (total 2)
Wrote logs/Problem13_concolic.csv (2 unique errors)
[0,2s] error_35 (total 3)
Wrote logs/Problem13_concolic.csv (3 unique errors)
[0,3s] error_75 (total 4)
Wrote logs/Problem13_concolic.csv (4 unique errors)
[0,4s] error_16 (total 5)
Wrote logs/Problem13_concolic.csv (5 unique errors)
[0,6s] error_74 (total 6)
Wrote logs/Problem13_concolic.csv (6 unique errors)
[0,7s] error_49 (total 7)
Wrote logs/Problem13_concolic.csv (7 unique errors)
[1,0s] error_3 (total 8)
Wrote logs/Problem13_concolic.csv (8 unique errors)
[1,0s] error_44 (total 9)
Wrote logs/Problem13_concolic.csv (9 unique errors)
[1,9s] error_90 (total 10)
Wrote logs/Problem13_concolic.csv (10 unique errors)
[2,7s] error_71 (total 11)
Wrote logs/Problem13_concolic.csv (11 unique errors)
[3,0s] error_1 (total 12)
Wrote logs/Problem13_concolic.csv (12 unique errors)
[4,1s] error_70 (total 13)
Wrote logs/Problem13_concolic.csv (13 unique errors)
[concolic] iter=200 branches=330 sat=61 unsat=269 queued=0 errors=13
[8,1s] error_48 (total 14)
Wrote logs/Problem13_concolic.csv (14 unique errors)
[concolic] iter=400 branches=333 sat=61 unsat=272 queued=0 errors=14
[9,0s] error_68 (total 15)
Wrote logs/Problem13_concolic.csv (15 unique errors)
[11,9s] error_30 (total 16)
Wrote logs/Problem13_concolic.csv (16 unique errors)
[concolic] iter=600 branches=350 sat=72 unsat=278 queued=0 errors=16
[concolic] iter=800 branches=350 sat=72 unsat=278 queued=0 errors=16
[concolic] iter=1000 branches=356 sat=74 unsat=282 queued=0 errors=16
[concolic] iter=1200 branches=356 sat=74 unsat=282 queued=0 errors=16
[concolic] iter=1400 branches=356 sat=74 unsat=282 queued=0 errors=16
[concolic] iter=1600 branches=356 sat=74 unsat=282 queued=0 errors=16
[concolic] iter=1800 branches=356 sat=74 unsat=282 queued=0 errors=16
[concolic] iter=2000 branches=356 sat=74 unsat=282 queued=0 errors=16
[concolic] iter=2200 branches=356 sat=74 unsat=282 queued=0 errors=16
[concolic] iter=2400 branches=356 sat=74 unsat=282 queued=0 errors=16
[concolic] iter=2600 branches=356 sat=74 unsat=282 queued=0 errors=16
[concolic] iter=2800 branches=356 sat=74 unsat=282 queued=0 errors=16
[concolic] iter=3000 branches=356 sat=74 unsat=282 queued=0 errors=16
[concolic] iter=3200 branches=356 sat=74 unsat=282 queued=0 errors=16
[concolic] iter=3400 branches=356 sat=74 unsat=282 queued=0 errors=16
[concolic] iter=3600 branches=356 sat=74 unsat=282 queued=0 errors=16
[concolic] iter=3800 branches=356 sat=74 unsat=282 queued=0 errors=16
[concolic] iter=4000 branches=356 sat=74 unsat=282 queued=0 errors=16
[concolic] iter=4200 branches=356 sat=74 unsat=282 queued=0 errors=16
[concolic] iter=4400 branches=356 sat=74 unsat=282 queued=0 errors=16
[concolic] iter=4600 branches=356 sat=74 unsat=282 queued=0 errors=16
[concolic] iter=4800 branches=356 sat=74 unsat=282 queued=0 errors=16
[concolic] iter=5000 branches=356 sat=74 unsat=282 queued=0 errors=16
[concolic] iter=5200 branches=356 sat=74 unsat=282 queued=0 errors=16
[concolic] iter=5400 branches=356 sat=74 unsat=282 queued=0 errors=16
[concolic] iter=5600 branches=356 sat=74 unsat=282 queued=0 errors=16
[concolic] iter=5800 branches=356 sat=74 unsat=282 queued=0 errors=16
[concolic] iter=6000 branches=356 sat=74 unsat=282 queued=0 errors=16
[concolic] iter=6200 branches=356 sat=74 unsat=282 queued=0 errors=16
[concolic] iter=6400 branches=356 sat=74 unsat=282 queued=0 errors=16
[concolic] iter=6600 branches=356 sat=74 unsat=282 queued=0 errors=16
[concolic] iter=6800 branches=356 sat=74 unsat=282 queued=0 errors=16
[concolic] iter=7000 branches=356 sat=74 unsat=282 queued=0 errors=16
[concolic] iter=7200 branches=356 sat=74 unsat=282 queued=0 errors=16
[concolic] iter=7400 branches=356 sat=74 unsat=282 queued=0 errors=16
[concolic] iter=7600 branches=356 sat=74 unsat=282 queued=0 errors=16
[concolic] iter=7800 branches=356 sat=74 unsat=282 queued=0 errors=16
[concolic] iter=8000 branches=356 sat=74 unsat=282 queued=0 errors=16
[concolic] iter=8200 branches=356 sat=74 unsat=282 queued=0 errors=16
[concolic] iter=8400 branches=356 sat=74 unsat=282 queued=0 errors=16
[concolic] iter=8600 branches=356 sat=74 unsat=282 queued=0 errors=16
[concolic] iter=8800 branches=356 sat=74 unsat=282 queued=0 errors=16
[concolic] iter=9000 branches=356 sat=74 unsat=282 queued=0 errors=16
[concolic] iter=9200 branches=356 sat=74 unsat=282 queued=0 errors=16
[concolic] iter=9400 branches=356 sat=74 unsat=282 queued=0 errors=16
[concolic] iter=9600 branches=356 sat=74 unsat=282 queued=0 errors=16
[concolic] iter=9800 branches=356 sat=74 unsat=282 queued=0 errors=16
[concolic] iter=10000 branches=356 sat=74 unsat=282 queued=0 errors=16
[concolic] iter=10200 branches=356 sat=74 unsat=282 queued=0 errors=16
[concolic] iter=10400 branches=356 sat=74 unsat=282 queued=0 errors=16
[concolic] iter=10600 branches=356 sat=74 unsat=282 queued=0 errors=16
[concolic] iter=10800 branches=356 sat=74 unsat=282 queued=0 errors=16
[concolic] iter=11000 branches=356 sat=74 unsat=282 queued=0 errors=16
[concolic] iter=11200 branches=356 sat=74 unsat=282 queued=0 errors=16
[concolic] iter=11400 branches=356 sat=74 unsat=282 queued=0 errors=16
[concolic] iter=11600 branches=356 sat=74 unsat=282 queued=0 errors=16
[concolic] iter=11800 branches=356 sat=74 unsat=282 queued=0 errors=16
[concolic] iter=12000 branches=356 sat=74 unsat=282 queued=0 errors=16
Wrote logs/Problem13_concolic.csv (16 unique errors)
